0 info it worked if it ends with ok
1 verbose cli [ '/Users/aarontropy/.nvm/versions/node/v6.9.4/bin/node',
1 verbose cli   '/Users/aarontropy/.nvm/versions/node/v6.9.4/bin/npm',
1 verbose cli   'run',
1 verbose cli   'build' ]
2 info using npm@3.10.10
3 info using node@v6.9.4
4 verbose run-script [ 'prebuild', 'build', 'postbuild' ]
5 info lifecycle node-ddd@0.2.0~prebuild: node-ddd@0.2.0
6 silly lifecycle node-ddd@0.2.0~prebuild: no script for prebuild, continuing
7 info lifecycle node-ddd@0.2.0~build: node-ddd@0.2.0
8 verbose lifecycle node-ddd@0.2.0~build: unsafe-perm in lifecycle true
9 verbose lifecycle node-ddd@0.2.0~build: PATH: /Users/aarontropy/.nvm/versions/node/v6.9.4/lib/node_modules/npm/bin/node-gyp-bin:/Users/aarontropy/work/neighborlease/services/accounting/lib/node-ddd/node_modules/.bin:/Users/aarontropy/google-cloud-sdk/bin:/Users/aarontropy/.nvm/versions/node/v6.9.4/bin:/usr/local/sbin:/usr/local/opt/php56/sbin:/usr/local/bin:/usr/bin:/bin:/usr/sbin:/sbin:/opt/X11/bin
10 verbose lifecycle node-ddd@0.2.0~build: CWD: /Users/aarontropy/work/neighborlease/services/accounting/lib/node-ddd
11 silly lifecycle node-ddd@0.2.0~build: Args: [ '-c', 'babel src --out-dir dist' ]
12 silly lifecycle node-ddd@0.2.0~build: Returned: code: 1  signal: null
13 info lifecycle node-ddd@0.2.0~build: Failed to exec build script
14 verbose stack Error: node-ddd@0.2.0 build: `babel src --out-dir dist`
14 verbose stack Exit status 1
14 verbose stack     at EventEmitter.<anonymous> (/Users/aarontropy/.nvm/versions/node/v6.9.4/lib/node_modules/npm/lib/utils/lifecycle.js:255:16)
14 verbose stack     at emitTwo (events.js:106:13)
14 verbose stack     at EventEmitter.emit (events.js:191:7)
14 verbose stack     at ChildProcess.<anonymous> (/Users/aarontropy/.nvm/versions/node/v6.9.4/lib/node_modules/npm/lib/utils/spawn.js:40:14)
14 verbose stack     at emitTwo (events.js:106:13)
14 verbose stack     at ChildProcess.emit (events.js:191:7)
14 verbose stack     at maybeClose (internal/child_process.js:877:16)
14 verbose stack     at Process.ChildProcess._handle.onexit (internal/child_process.js:226:5)
15 verbose pkgid node-ddd@0.2.0
16 verbose cwd /Users/aarontropy/work/neighborlease/services/accounting/lib/node-ddd
17 error Darwin 16.1.0
18 error argv "/Users/aarontropy/.nvm/versions/node/v6.9.4/bin/node" "/Users/aarontropy/.nvm/versions/node/v6.9.4/bin/npm" "run" "build"
19 error node v6.9.4
20 error npm  v3.10.10
21 error code ELIFECYCLE
22 error node-ddd@0.2.0 build: `babel src --out-dir dist`
22 error Exit status 1
23 error Failed at the node-ddd@0.2.0 build script 'babel src --out-dir dist'.
23 error Make sure you have the latest version of node.js and npm installed.
23 error If you do, this is most likely a problem with the node-ddd package,
23 error not with npm itself.
23 error Tell the author that this fails on your system:
23 error     babel src --out-dir dist
23 error You can get information on how to open an issue for this project with:
23 error     npm bugs node-ddd
23 error Or if that isn't available, you can get their info via:
23 error     npm owner ls node-ddd
23 error There is likely additional logging output above.
24 verbose exit [ 1, true ]
